[0.013s] Invoking command in '/home/sonia/ros2_ws/build/serial_comm1': CMAKE_PREFIX_PATH=${CMAKE_PREFIX_PATH}:/opt/ros/humble /usr/bin/cmake --build /home/sonia/ros2_ws/build/serial_comm1 -- -j1 -l1
[0.054s] -- Found ament_cmake: 1.3.9 (/opt/ros/humble/share/ament_cmake/cmake)
[0.154s] -- Found rclcpp: 16.0.9 (/opt/ros/humble/share/rclcpp/cmake)
[0.182s] -- Found rosidl_generator_c: 3.1.5 (/opt/ros/humble/share/rosidl_generator_c/cmake)
[0.184s] -- Found rosidl_adapter: 3.1.5 (/opt/ros/humble/share/rosidl_adapter/cmake)
[0.191s] -- Found rosidl_generator_cpp: 3.1.5 (/opt/ros/humble/share/rosidl_generator_cpp/cmake)
[0.206s] -- Using all available rosidl_typesupport_c: rosidl_typesupport_fastrtps_c;rosidl_typesupport_introspection_c
[0.219s] -- Using all available rosidl_typesupport_cpp: rosidl_typesupport_fastrtps_cpp;rosidl_typesupport_introspection_cpp
[0.269s] -- Found rmw_implementation_cmake: 6.1.2 (/opt/ros/humble/share/rmw_implementation_cmake/cmake)
[0.271s] -- Found rmw_fastrtps_cpp: 6.2.6 (/opt/ros/humble/share/rmw_fastrtps_cpp/cmake)
[0.352s] -- Using RMW implementation 'rmw_fastrtps_cpp' as default
[0.650s] -- Configuring done
[0.664s] -- Generating done
[0.667s] -- Build files have been written to: /home/sonia/ros2_ws/build/serial_comm1
[0.683s] [35m[1mConsolidate compiler generated dependencies of target talker[0m
[0.714s] [ 25%] [32mBuilding CXX object CMakeFiles/talker.dir/src/serial_publisher.cpp.o[0m
[2.824s] [01m[K/home/sonia/ros2_ws/src/serial_comm1/src/serial_publisher.cpp:[m[K In function â€˜[01m[Kstd::vector<unsigned char, std::allocator<unsigned char> > readFrame(boost::asio::serial_port&)[m[Kâ€™:
[2.824s] [01m[K/home/sonia/ros2_ws/src/serial_comm1/src/serial_publisher.cpp:51:35:[m[K [01;31m[Kerror: [m[Kâ€˜[01m[Klength[m[Kâ€™ was not declared in this scope; did you mean â€˜[01m[Klenght[m[Kâ€™?
[2.825s]    51 |   std::vector<uint8_t> frame_data([01;31m[Klength[m[K);
[2.825s]       |                                   [01;31m[K^~~~~~[m[K
[2.825s]       |                                   [32m[Klenght[m[K
[2.827s] [01m[K/home/sonia/ros2_ws/src/serial_comm1/src/serial_publisher.cpp:49:12:[m[K [01;35m[Kwarning: [m[Kunused variable â€˜[01m[Klenght[m[Kâ€™ [[01;35m[K]8;;https://gcc.gnu.org/onlinedocs/gcc/Warning-Options.html#index-Wunused-variable-Wunused-variable]8;;[m[K]
[2.827s]    49 |   uint16_t [01;35m[Klenght[m[K = (length_bytes[0]<<8 | length_bytes[1]);
[2.828s]       |            [01;35m[K^~~~~~[m[K
[2.836s] [01m[K/home/sonia/ros2_ws/src/serial_comm1/src/serial_publisher.cpp:[m[K In function â€˜[01m[Kint main(int, char**)[m[Kâ€™:
[2.836s] [01m[K/home/sonia/ros2_ws/src/serial_comm1/src/serial_publisher.cpp:105:9:[m[K [01;31m[Kerror: [m[Kâ€˜[01m[Kstd_string[m[Kâ€™ was not declared in this scope
[2.836s]   105 |         [01;31m[Kstd_string[m[K frame_str(frame.begin(),frame.end());
[2.836s]       |         [01;31m[K^~~~~~~~~~[m[K
[2.844s] [01m[K/home/sonia/ros2_ws/src/serial_comm1/src/serial_publisher.cpp:107:21:[m[K [01;31m[Kerror: [m[Kâ€˜[01m[Kframe_str[m[Kâ€™ was not declared in this scope
[2.844s]   107 |         msg->data = [01;31m[Kframe_str[m[K;
[2.844s]       |                     [01;31m[K^~~~~~~~~[m[K
[2.848s] [01m[K/home/sonia/ros2_ws/src/serial_comm1/src/serial_publisher.cpp:108:9:[m[K [01;31m[Kerror: [m[Kâ€˜[01m[Kpublisher[m[Kâ€™ was not declared in this scope
[2.849s]   108 |         [01;31m[Kpublisher[m[K->publish(*msg);
[2.849s]       |         [01;31m[K^~~~~~~~~[m[K
[2.849s] [01m[K/home/sonia/ros2_ws/src/serial_comm1/src/serial_publisher.cpp:110:15:[m[K [01;31m[Kerror: [m[Kexpected primary-expression before â€˜[01m[K->[m[Kâ€™ token
[2.852s]   110 |         rclcpp[01;31m[K->[m[K publish(*msg);
[2.852s]       |               [01;31m[K^~[m[K
[2.855s] In file included from [01m[K/opt/ros/humble/include/rclcpp/rclcpp/client.hpp:40[m[K,
[2.855s]                  from [01m[K/opt/ros/humble/include/rclcpp/rclcpp/callback_group.hpp:24[m[K,
[2.856s]                  from [01m[K/opt/ros/humble/include/rclcpp/rclcpp/any_executable.hpp:20[m[K,
[2.856s]                  from [01m[K/opt/ros/humble/include/rclcpp/rclcpp/memory_strategy.hpp:25[m[K,
[2.856s]                  from [01m[K/opt/ros/humble/include/rclcpp/rclcpp/memory_strategies.hpp:18[m[K,
[2.856s]                  from [01m[K/opt/ros/humble/include/rclcpp/rclcpp/executor_options.hpp:20[m[K,
[2.857s]                  from [01m[K/opt/ros/humble/include/rclcpp/rclcpp/executor.hpp:37[m[K,
[2.857s]                  from [01m[K/opt/ros/humble/include/rclcpp/rclcpp/executors/multi_threaded_executor.hpp:25[m[K,
[2.857s]                  from [01m[K/opt/ros/humble/include/rclcpp/rclcpp/executors.hpp:21[m[K,
[2.857s]                  from [01m[K/opt/ros/humble/include/rclcpp/rclcpp/rclcpp.hpp:155[m[K,
[2.858s]                  from [01m[K/home/sonia/ros2_ws/src/serial_comm1/src/serial_publisher.cpp:20[m[K:
[2.858s] [01m[K/home/sonia/ros2_ws/src/serial_comm1/src/serial_publisher.cpp:115:18:[m[K [01;31m[Kerror: [m[Kâ€˜[01m[Knode[m[Kâ€™ was not declared in this scope
[2.858s]   115 |     RCLCPP_ERROR([01;31m[Knode[m[K->fet_logger(),"Erreur system: %s", ex.what());
[2.858s]       |                  [01;31m[K^~~~[m[K
[2.859s] [01m[K/home/sonia/ros2_ws/src/serial_comm1/src/serial_publisher.cpp:115:5:[m[K [01;31m[Kerror: [m[Ktemplate argument 1 is invalid
[2.859s]   115 |     [01;31m[KRCLCPP_ERROR[m[K(node->fet_logger(),"Erreur system: %s", ex.what());
[2.859s]       |     [01;31m[K^~~~~~~~~~~~[m[K
[2.859s] [01m[K/home/sonia/ros2_ws/src/serial_comm1/src/serial_publisher.cpp:115:5:[m[K [01;31m[Kerror: [m[Ktemplate argument 1 is invalid
[2.859s]   115 |     [01;31m[KRCLCPP_ERROR[m[K(node->fet_logger(),"Erreur system: %s", ex.what());
[2.860s]       |     [01;31m[K^~~~~~~~~~~~[m[K
[2.860s] [01m[K/home/sonia/ros2_ws/src/serial_comm1/src/serial_publisher.cpp:115:5:[m[K [01;31m[Kerror: [m[Ktemplate argument 1 is invalid
[2.860s]   115 |     [01;31m[KRCLCPP_ERROR[m[K(node->fet_logger(),"Erreur system: %s", ex.what());
[2.860s]       |     [01;31m[K^~~~~~~~~~~~[m[K
[3.511s] gmake[2]: *** [CMakeFiles/talker.dir/build.make:76: CMakeFiles/talker.dir/src/serial_publisher.cpp.o] Error 1
[3.511s] gmake[1]: *** [CMakeFiles/Makefile2:139: CMakeFiles/talker.dir/all] Error 2
[3.511s] gmake: *** [Makefile:146: all] Error 2
[3.511s] Invoked command in '/home/sonia/ros2_ws/build/serial_comm1' returned '2': CMAKE_PREFIX_PATH=${CMAKE_PREFIX_PATH}:/opt/ros/humble /usr/bin/cmake --build /home/sonia/ros2_ws/build/serial_comm1 -- -j1 -l1
