[01m[K/home/sonia/ros2_ws/src/serial_comm/src/serial_publisher.cpp:50:3:[m[K [01;31m[Kerror: [m[Kâ€˜[01m[Kio_service[m[Kâ€™ does not name a type; did you mean â€˜[01m[Krmw_service_t[m[Kâ€™?
   50 |   [01;31m[Kio_service[m[K io;
      |   [01;31m[K^~~~~~~~~~[m[K
      |   [32m[Krmw_service_t[m[K
[01m[K/home/sonia/ros2_ws/src/serial_comm/src/serial_publisher.cpp:51:3:[m[K [01;31m[Kerror: [m[Kâ€˜[01m[Kserial_port[m[Kâ€™ does not name a type
   51 |   [01;31m[Kserial_port[m[K serial;
      |   [01;31m[K^~~~~~~~~~~[m[K
[01m[K/home/sonia/ros2_ws/src/serial_comm/src/serial_publisher.cpp:[m[K In constructor â€˜[01m[KSerialPublisher::SerialPublisher()[m[Kâ€™:
[01m[K/home/sonia/ros2_ws/src/serial_comm/src/serial_publisher.cpp:32:31:[m[K [01;31m[Kerror: [m[Kclass â€˜[01m[KSerialPublisher[m[Kâ€™ does not have any field named â€˜[01m[Kio[m[Kâ€™
   32 |   : Node("serial_publisher"), [01;31m[Kio[m[K(),serial(io,"COM8")
      |                               [01;31m[K^~[m[K
[01m[K/home/sonia/ros2_ws/src/serial_comm/src/serial_publisher.cpp:32:36:[m[K [01;31m[Kerror: [m[Kclass â€˜[01m[KSerialPublisher[m[Kâ€™ does not have any field named â€˜[01m[Kserial[m[Kâ€™
   32 |   : Node("serial_publisher"), io(),[01;31m[Kserial[m[K(io,"COM8")
      |                                    [01;31m[K^~~~~~[m[K
[01m[K/home/sonia/ros2_ws/src/serial_comm/src/serial_publisher.cpp:32:43:[m[K [01;31m[Kerror: [m[Kâ€˜[01m[Kio[m[Kâ€™ was not declared in this scope
   32 |   : Node("serial_publisher"), io(),serial([01;31m[Kio[m[K,"COM8")
      |                                           [01;31m[K^~[m[K
[01m[K/home/sonia/ros2_ws/src/serial_comm/src/serial_publisher.cpp:34:5:[m[K [01;31m[Kerror: [m[Kâ€˜[01m[Kserial[m[Kâ€™ was not declared in this scope
   34 |     [01;31m[Kserial[m[K.set_option(serial_port_base::baud_rate(115200));
      |     [01;31m[K^~~~~~[m[K
[01m[K/home/sonia/ros2_ws/src/serial_comm/src/serial_publisher.cpp:34:23:[m[K [01;31m[Kerror: [m[Kâ€˜[01m[Kserial_port_base[m[Kâ€™ has not been declared
   34 |     serial.set_option([01;31m[Kserial_port_base[m[K::baud_rate(115200));
      |                       [01;31m[K^~~~~~~~~~~~~~~~[m[K
[01m[K/home/sonia/ros2_ws/src/serial_comm/src/serial_publisher.cpp:[m[K In member function â€˜[01m[Kvoid SerialPublisher::timer_callback()[m[Kâ€™:
[01m[K/home/sonia/ros2_ws/src/serial_comm/src/serial_publisher.cpp:44:5:[m[K [01;31m[Kerror: [m[Kâ€˜[01m[Kboost[m[Kâ€™ has not been declared
   44 |     [01;31m[Kboost[m[K::asio::read_until(serial, boost::asio::dynamic_buffer(line),'\n');
      |     [01;31m[K^~~~~[m[K
[01m[K/home/sonia/ros2_ws/src/serial_comm/src/serial_publisher.cpp:44:29:[m[K [01;31m[Kerror: [m[Kâ€˜[01m[Kserial[m[Kâ€™ was not declared in this scope
   44 |     boost::asio::read_until([01;31m[Kserial[m[K, boost::asio::dynamic_buffer(line),'\n');
      |                             [01;31m[K^~~~~~[m[K
[01m[K/home/sonia/ros2_ws/src/serial_comm/src/serial_publisher.cpp:44:37:[m[K [01;31m[Kerror: [m[Kâ€˜[01m[Kboost[m[Kâ€™ has not been declared
   44 |     boost::asio::read_until(serial, [01;31m[Kboost[m[K::asio::dynamic_buffer(line),'\n');
      |                                     [01;31m[K^~~~~[m[K
gmake[2]: *** [CMakeFiles/talker.dir/build.make:76: CMakeFiles/talker.dir/src/serial_publisher.cpp.o] Error 1
gmake[1]: *** [CMakeFiles/Makefile2:139: CMakeFiles/talker.dir/all] Error 2
gmake: *** [Makefile:146: all] Error 2
