[0.004s] Invoking command in '/home/sonia/ros2_ws/src/build/serial_comm': CMAKE_PREFIX_PATH=/opt/ros/humble /usr/bin/cmake /home/sonia/ros2_ws/src/serial_comm -DCMAKE_INSTALL_PREFIX=/home/sonia/ros2_ws/src/install/serial_comm
[0.015s] -- Found ament_cmake: 1.3.9 (/opt/ros/humble/share/ament_cmake/cmake)
[0.089s] -- Found rclcpp: 16.0.9 (/opt/ros/humble/share/rclcpp/cmake)
[0.105s] -- Found rosidl_generator_c: 3.1.5 (/opt/ros/humble/share/rosidl_generator_c/cmake)
[0.107s] -- Found rosidl_adapter: 3.1.5 (/opt/ros/humble/share/rosidl_adapter/cmake)
[0.111s] -- Found rosidl_generator_cpp: 3.1.5 (/opt/ros/humble/share/rosidl_generator_cpp/cmake)
[0.121s] -- Using all available rosidl_typesupport_c: rosidl_typesupport_fastrtps_c;rosidl_typesupport_introspection_c
[0.134s] -- Using all available rosidl_typesupport_cpp: rosidl_typesupport_fastrtps_cpp;rosidl_typesupport_introspection_cpp
[0.194s] -- Found rmw_implementation_cmake: 6.1.2 (/opt/ros/humble/share/rmw_implementation_cmake/cmake)
[0.195s] -- Found rmw_fastrtps_cpp: 6.2.6 (/opt/ros/humble/share/rmw_fastrtps_cpp/cmake)
[0.266s] -- Using RMW implementation 'rmw_fastrtps_cpp' as default
[0.400s] -- Configuring done
[0.424s] -- Generating done
[0.430s] -- Build files have been written to: /home/sonia/ros2_ws/src/build/serial_comm
[0.441s] Invoked command in '/home/sonia/ros2_ws/src/build/serial_comm' returned '0': CMAKE_PREFIX_PATH=/opt/ros/humble /usr/bin/cmake /home/sonia/ros2_ws/src/serial_comm -DCMAKE_INSTALL_PREFIX=/home/sonia/ros2_ws/src/install/serial_comm
[0.441s] Invoking command in '/home/sonia/ros2_ws/src/build/serial_comm': CMAKE_PREFIX_PATH=/opt/ros/humble /usr/bin/cmake --build /home/sonia/ros2_ws/src/build/serial_comm -- -j1 -l1
[0.496s] [ 25%] [32mBuilding CXX object CMakeFiles/talker.dir/src/serial_publisher.cpp.o[0m
[2.216s] [01m[K/home/sonia/ros2_ws/src/serial_comm/src/serial_publisher.cpp:50:3:[m[K [01;31m[Kerror: [m[Kâ€˜[01m[Kio_service[m[Kâ€™ does not name a type; did you mean â€˜[01m[Krmw_service_t[m[Kâ€™?
[2.216s]    50 |   [01;31m[Kio_service[m[K io;
[2.216s]       |   [01;31m[K^~~~~~~~~~[m[K
[2.216s]       |   [32m[Krmw_service_t[m[K
[2.218s] [01m[K/home/sonia/ros2_ws/src/serial_comm/src/serial_publisher.cpp:51:3:[m[K [01;31m[Kerror: [m[Kâ€˜[01m[Kserial_port[m[Kâ€™ does not name a type
[2.218s]    51 |   [01;31m[Kserial_port[m[K serial;
[2.218s]       |   [01;31m[K^~~~~~~~~~~[m[K
[2.221s] [01m[K/home/sonia/ros2_ws/src/serial_comm/src/serial_publisher.cpp:[m[K In constructor â€˜[01m[KSerialPublisher::SerialPublisher()[m[Kâ€™:
[2.221s] [01m[K/home/sonia/ros2_ws/src/serial_comm/src/serial_publisher.cpp:32:31:[m[K [01;31m[Kerror: [m[Kclass â€˜[01m[KSerialPublisher[m[Kâ€™ does not have any field named â€˜[01m[Kio[m[Kâ€™
[2.222s]    32 |   : Node("serial_publisher"), [01;31m[Kio[m[K(),serial(io,"COM8")
[2.222s]       |                               [01;31m[K^~[m[K
[2.222s] [01m[K/home/sonia/ros2_ws/src/serial_comm/src/serial_publisher.cpp:32:36:[m[K [01;31m[Kerror: [m[Kclass â€˜[01m[KSerialPublisher[m[Kâ€™ does not have any field named â€˜[01m[Kserial[m[Kâ€™
[2.222s]    32 |   : Node("serial_publisher"), io(),[01;31m[Kserial[m[K(io,"COM8")
[2.223s]       |                                    [01;31m[K^~~~~~[m[K
[2.225s] [01m[K/home/sonia/ros2_ws/src/serial_comm/src/serial_publisher.cpp:32:43:[m[K [01;31m[Kerror: [m[Kâ€˜[01m[Kio[m[Kâ€™ was not declared in this scope
[2.226s]    32 |   : Node("serial_publisher"), io(),serial([01;31m[Kio[m[K,"COM8")
[2.226s]       |                                           [01;31m[K^~[m[K
[2.229s] [01m[K/home/sonia/ros2_ws/src/serial_comm/src/serial_publisher.cpp:34:5:[m[K [01;31m[Kerror: [m[Kâ€˜[01m[Kserial[m[Kâ€™ was not declared in this scope
[2.229s]    34 |     [01;31m[Kserial[m[K.set_option(serial_port_base::baud_rate(115200));
[2.230s]       |     [01;31m[K^~~~~~[m[K
[2.232s] [01m[K/home/sonia/ros2_ws/src/serial_comm/src/serial_publisher.cpp:34:23:[m[K [01;31m[Kerror: [m[Kâ€˜[01m[Kserial_port_base[m[Kâ€™ has not been declared
[2.232s]    34 |     serial.set_option([01;31m[Kserial_port_base[m[K::baud_rate(115200));
[2.232s]       |                       [01;31m[K^~~~~~~~~~~~~~~~[m[K
[2.243s] [01m[K/home/sonia/ros2_ws/src/serial_comm/src/serial_publisher.cpp:[m[K In member function â€˜[01m[Kvoid SerialPublisher::timer_callback()[m[Kâ€™:
[2.243s] [01m[K/home/sonia/ros2_ws/src/serial_comm/src/serial_publisher.cpp:44:5:[m[K [01;31m[Kerror: [m[Kâ€˜[01m[Kboost[m[Kâ€™ has not been declared
[2.244s]    44 |     [01;31m[Kboost[m[K::asio::read_until(serial, boost::asio::dynamic_buffer(line),'\n');
[2.244s]       |     [01;31m[K^~~~~[m[K
[2.248s] [01m[K/home/sonia/ros2_ws/src/serial_comm/src/serial_publisher.cpp:44:29:[m[K [01;31m[Kerror: [m[Kâ€˜[01m[Kserial[m[Kâ€™ was not declared in this scope
[2.249s]    44 |     boost::asio::read_until([01;31m[Kserial[m[K, boost::asio::dynamic_buffer(line),'\n');
[2.249s]       |                             [01;31m[K^~~~~~[m[K
[2.249s] [01m[K/home/sonia/ros2_ws/src/serial_comm/src/serial_publisher.cpp:44:37:[m[K [01;31m[Kerror: [m[Kâ€˜[01m[Kboost[m[Kâ€™ has not been declared
[2.249s]    44 |     boost::asio::read_until(serial, [01;31m[Kboost[m[K::asio::dynamic_buffer(line),'\n');
[2.249s]       |                                     [01;31m[K^~~~~[m[K
[2.844s] gmake[2]: *** [CMakeFiles/talker.dir/build.make:76: CMakeFiles/talker.dir/src/serial_publisher.cpp.o] Error 1
[2.844s] gmake[1]: *** [CMakeFiles/Makefile2:139: CMakeFiles/talker.dir/all] Error 2
[2.845s] gmake: *** [Makefile:146: all] Error 2
[2.845s] Invoked command in '/home/sonia/ros2_ws/src/build/serial_comm' returned '2': CMAKE_PREFIX_PATH=/opt/ros/humble /usr/bin/cmake --build /home/sonia/ros2_ws/src/build/serial_comm -- -j1 -l1
