[35m[1mConsolidate compiler generated dependencies of target talker[0m
[ 25%] [32mBuilding CXX object CMakeFiles/talker.dir/src/serial_publisher.cpp.o[0m
[01m[K/home/sonia/ros2_ws/src/serial_comm1/src/serial_publisher.cpp:[m[K In function â€˜[01m[Kstd::vector<unsigned char, std::allocator<unsigned char> > readFrame(boost::asio::serial_port&)[m[Kâ€™:
[01m[K/home/sonia/ros2_ws/src/serial_comm1/src/serial_publisher.cpp:43:29:[m[K [01;31m[Kerror: [m[Kâ€˜[01m[Klengt_bytes[m[Kâ€™ was not declared in this scope; did you mean â€˜[01m[Klength_bytes[m[Kâ€™?
   43 |   std::swap(length_bytes[0],[01;31m[Klengt_bytes[m[K[1]); //inverser les deux octets de longueur
      |                             [01;31m[K^~~~~~~~~~~[m[K
      |                             [32m[Klength_bytes[m[K
gmake[2]: *** [CMakeFiles/talker.dir/build.make:76: CMakeFiles/talker.dir/src/serial_publisher.cpp.o] Error 1
gmake[1]: *** [CMakeFiles/Makefile2:139: CMakeFiles/talker.dir/all] Error 2
gmake: *** [Makefile:146: all] Error 2
